<?xml version="1.0" encoding="UTF-8" ?>
<testsuites>
 <testsuite name="master_script" package="assignment.suite" timestamp="2024-10-16 11:53:10.896 +0530"
 tests="1"  failures="1" errors="1" time="10.019000">
  <properties>
   <property name="RunDate" value="2024-10-16 11:53:10.896 +0530"/>
   <property name="Status" value="Failure"/>
  </properties>
  <testcase name="master.script" assertions="1" status="error"  time="10.019">
    <failure type="FAILURE" message="File Not Found: imagefound Error - Could Not Open Image: Never -- Execution Time 0:00:10 master.script" />
    <error type="Exception" message="Could Not Open Image: Never" />
  </testcase>
 </testsuite>
</testsuites>
