<?xml version="1.0" encoding="UTF-8" ?>
<testsuites>
 <testsuite name="Script, Image and Debugging_script" package="assignment.suite" timestamp="2024-10-14 09:55:35.407 +0530"
 tests="1"  failures="1" errors="1" time="11.907000">
  <properties>
   <property name="RunDate" value="2024-10-14 09:55:35.407 +0530"/>
   <property name="Status" value="Failure"/>
  </properties>
  <testcase name="Script, Image and Debugging.script" assertions="1" status="error"  time="11.89">
    <failure type="FAILURE" message="File Not Found: click Error - Could Not Open Image:  -- Execution Time 0:00:11 Script, Image and Debugging.script" />
    <error type="Exception" message="Could Not Open Image: " />
  </testcase>
 </testsuite>
</testsuites>
