<?xml version="1.0" encoding="UTF-8" ?>
<testsuites>
 <testsuite name="Script, Image and Debugging_script" package="assignment.suite" timestamp="2024-10-14 10:49:07.501 +0530"
 tests="1"  failures="1" errors="0" time="12.266000">
  <properties>
   <property name="RunDate" value="2024-10-14 10:49:07.501 +0530"/>
   <property name="Status" value="Failure"/>
  </properties>
  <testcase name="Script, Image and Debugging.script" assertions="1" status="failure"  time="12.257">
    <failure type="FAILURE" message="SenseTalk Runtime Exception: Invalid operands for addition: expected numbers, dates and/or lists; got &apos;[200,150]&apos; and &apos;Password&apos; -- Execution Time 0:00:12 Script, Image and Debugging.script" />
  </testcase>
 </testsuite>
</testsuites>
