<?xml version="1.0" encoding="UTF-8" ?>
<testsuites>
 <testsuite name="BBc1_script" package="assignment.suite" timestamp="2024-10-21 10:58:29.683 +0530"
 tests="1"  failures="1" errors="1" time="1.893000">
  <properties>
   <property name="RunDate" value="2024-10-21 10:58:29.683 +0530"/>
   <property name="Status" value="Failure"/>
  </properties>
  <testcase name="BBc1.script" assertions="1" status="error"  time="1.882">
    <failure type="FAILURE" message="Error Running Script Command: click Error - Image Property List did not contain &quot;ImageName&quot; property -- Execution Time 0:00:01 BBc1.script" />
    <error type="Exception" message="Image Property List did not contain &quot;ImageName&quot; property" />
  </testcase>
 </testsuite>
</testsuites>
