<?xml version="1.0" encoding="UTF-8" ?>
<testsuites>
 <testsuite name="Delimiter_script" package="assignment.suite" timestamp="2024-10-16 16:02:07.008 +0530"
 tests="1"  failures="1" errors="0" time="0.227000">
  <properties>
   <property name="RunDate" value="2024-10-16 16:02:07.008 +0530"/>
   <property name="Status" value="Failure"/>
  </properties>
  <testcase name="Delimiter.script" assertions="1" status="failure"  time="0.214">
    <failure type="FAILURE" message="STUnknownMessage: ERROR: No Such Function: &apos;item1&apos; -- Execution Time 0:00:00 Delimiter.script" />
  </testcase>
 </testsuite>
</testsuites>
