2024-10-21 11:28:35.801 +0530	START		Running BBc1.script
2024-10-21 11:28:35.808 +0530	EndTestCase		(Duration:"0.001", Errors:"1", Exceptions:"0", StartTime:"2024-10-21 11:28:35 +0530", Successes:"0", TestCase:"BBc1.script", Warnings:"0")
2024-10-21 11:28:36.406 +0530	FAILURE	Screen_Error.png	SenseTalk Compiler Exception: in bbc1:\nSyntax Error at line 18: can't understand [matching quote not found] at character 7 -- Execution Time 0:00:00 BBc1.script
