<?xml version="1.0" encoding="UTF-8" ?>
<testsuites>
 <testsuite name="master_script" package="assignment.suite" timestamp="2024-10-16 12:21:35.819 +0530"
 tests="1"  failures="1" errors="1" time="49.571000">
  <properties>
   <property name="RunDate" value="2024-10-16 12:21:35.819 +0530"/>
   <property name="Status" value="Failure"/>
  </properties>
  <testcase name="master.script" assertions="1" status="error"  time="49.563">
    <failure type="FAILURE" message="File Not Found: swipedown Error - Could Not Open Image: scroll -- Execution Time 0:00:49 master.script" />
    <error type="Exception" message="Could Not Open Image: scroll" />
  </testcase>
 </testsuite>
</testsuites>
