<?xml version="1.0" encoding="UTF-8" ?>
<testsuites>
 <testsuite name="Script, Image and Debugging_script" package="assignment.suite" timestamp="2024-10-14 14:24:52.330 +0530"
 tests="1"  failures="1" errors="0" time="30.317000">
  <properties>
   <property name="RunDate" value="2024-10-14 14:24:52.330 +0530"/>
   <property name="Status" value="Failure"/>
  </properties>
  <testcase name="Script, Image and Debugging.script" assertions="1" status="failure"  time="30.289">
    <failure type="FAILURE" message="STUnknownMessage: ERROR: No Such Command: &apos;clickelement&apos; -- Execution Time 0:00:30 Script, Image and Debugging.script" />
  </testcase>
 </testsuite>
</testsuites>
