<?xml version="1.0" encoding="UTF-8" ?>
<testsuites>
 <testsuite name="Untitled_apitest" package="assignment.suite" timestamp="2025-02-26 13:18:02.362 +0530"
 tests="1"  failures="1" errors="0" time="1.225000">
  <properties>
   <property name="RunDate" value="2025-02-26 13:18:02.362 +0530"/>
   <property name="Status" value="Failure"/>
  </properties>
  <testcase name="Untitled.apitest" assertions="1" status="failure"  time="1.216">
    <failure type="FAILURE" message="STUnknownMessage: ERROR: No Such Function: &apos;apitest1&apos; -- Execution Time 0:00:01 Untitled.apitest" />
  </testcase>
 </testsuite>
</testsuites>
