<?xml version="1.0" encoding="UTF-8" ?>
<testsuites>
 <testsuite name="dataconnection_script" package="assignment.suite" timestamp="2024-10-16 15:03:05.070 +0530"
 tests="1"  failures="1" errors="0" time="0.010000">
  <properties>
   <property name="RunDate" value="2024-10-16 15:03:05.070 +0530"/>
   <property name="Status" value="Failure"/>
  </properties>
  <testcase name="dataconnection.script" assertions="1" status="failure"  time="0.003">
    <failure type="FAILURE" message="SenseTalk Compiler Exception: in dataconnection:\nSyntax Error at line 14: can&apos;t understand [matching quote not found] at character 48 -- Execution Time 0:00:00 dataconnection.script" />
  </testcase>
 </testsuite>
</testsuites>
