<?xml version="1.0" encoding="UTF-8" ?>
<testsuites>
 <testsuite name="ApiTest_apitest" package="assignment.suite" timestamp="2025-02-26 17:12:34.266 +0530"
 tests="1"  failures="1" errors="0" time="1.948000">
  <properties>
   <property name="RunDate" value="2025-02-26 17:12:34.266 +0530"/>
   <property name="Status" value="Failure"/>
  </properties>
  <testcase name="ApiTest.apitest" assertions="1" status="failure"  time="1.923">
    <failure type="FAILURE" message="STUnknownMessage: ERROR: No Such Function: &apos;name&apos; -- Execution Time 0:00:01 ApiTest.apitest" />
  </testcase>
 </testsuite>
</testsuites>
